02-Apr-2019 11:15:17.43 : Exported AccessControl:          C:\Users\cruff\source\SM - Final\Modules\AccessControl.bas
02-Apr-2019 11:15:17.46 : Exported Constants:              C:\Users\cruff\source\SM - Final\Modules\Constants.bas
02-Apr-2019 11:15:17.48 : Exported DataAccess:             C:\Users\cruff\source\SM - Final\Modules\DataAccess.bas
02-Apr-2019 11:15:17.50 : Exported Factory:                C:\Users\cruff\source\SM - Final\Modules\Factory.bas
02-Apr-2019 11:15:17.51 : Exported GuiCommands:            C:\Users\cruff\source\SM - Final\Modules\GuiCommands.bas
02-Apr-2019 11:15:17.54 : Exported JsonConverter:          C:\Users\cruff\source\SM - Final\Modules\JsonConverter.bas
02-Apr-2019 11:15:17.56 : Exported Logger:                 C:\Users\cruff\source\SM - Final\Modules\Logger.bas
02-Apr-2019 11:15:17.57 : Exported modProgress:            C:\Users\cruff\source\SM - Final\Modules\modProgress.bas
02-Apr-2019 11:15:17.59 : Exported SpecManager:            C:\Users\cruff\source\SM - Final\Modules\SpecManager.bas
02-Apr-2019 11:15:17.61 : Exported Tests:                  C:\Users\cruff\source\SM - Final\Modules\Tests.bas
02-Apr-2019 11:15:17.62 : Exported Utils:                  C:\Users\cruff\source\SM - Final\Modules\Utils.bas
02-Apr-2019 11:15:17.65 : Exported formCreateGeneric:      C:\Users\cruff\source\SM - Final\User Forms\formCreateGeneric.frm
02-Apr-2019 11:15:17.68 : Exported formCreateSpec:         C:\Users\cruff\source\SM - Final\User Forms\formCreateSpec.frm
02-Apr-2019 11:15:17.70 : Exported formEditTemplate:       C:\Users\cruff\source\SM - Final\User Forms\formEditTemplate.frm
02-Apr-2019 11:15:17.71 : Exported formMainMenu:           C:\Users\cruff\source\SM - Final\User Forms\formMainMenu.frm
02-Apr-2019 11:15:17.73 : Exported formNewSpecInput:       C:\Users\cruff\source\SM - Final\User Forms\formNewSpecInput.frm
02-Apr-2019 11:15:17.75 : Exported formNewTemplateInput:   C:\Users\cruff\source\SM - Final\User Forms\formNewTemplateInput.frm
02-Apr-2019 11:15:17.76 : Exported formPassword:           C:\Users\cruff\source\SM - Final\User Forms\formPassword.frm
02-Apr-2019 11:15:17.78 : Exported formSpecConfig:         C:\Users\cruff\source\SM - Final\User Forms\formSpecConfig.frm
02-Apr-2019 11:15:17.81 : Exported formViewSpecs:          C:\Users\cruff\source\SM - Final\User Forms\formViewSpecs.frm
02-Apr-2019 11:15:17.98 : Exported formWarpDataSheet:      C:\Users\cruff\source\SM - Final\User Forms\formWarpDataSheet.frm
02-Apr-2019 11:15:17.00 : Exported formWarpingMainMenu:    C:\Users\cruff\source\SM - Final\User Forms\formWarpingMainMenu.frm
02-Apr-2019 11:15:18.01 : Exported formWarpingSearch:      C:\Users\cruff\source\SM - Final\User Forms\formWarpingSearch.frm
02-Apr-2019 11:15:18.04 : Exported ufProgress:             C:\Users\cruff\source\SM - Final\User Forms\ufProgress.frm
02-Apr-2019 11:15:18.06 : Exported Account:                C:\Users\cruff\source\SM - Final\Class Modules\Account.cls
02-Apr-2019 11:15:18.07 : Exported App:                    C:\Users\cruff\source\SM - Final\Class Modules\App.cls
02-Apr-2019 11:15:18.09 : Exported ConsoleBox:             C:\Users\cruff\source\SM - Final\Class Modules\ConsoleBox.cls
02-Apr-2019 11:15:18.11 : Exported DatabaseRecord:         C:\Users\cruff\source\SM - Final\Class Modules\DatabaseRecord.cls
02-Apr-2019 11:15:18.12 : Exported IDatabase:              C:\Users\cruff\source\SM - Final\Class Modules\IDatabase.cls
02-Apr-2019 11:15:18.14 : Exported ISpec:                  C:\Users\cruff\source\SM - Final\Class Modules\ISpec.cls
02-Apr-2019 11:15:18.15 : Exported Specification:          C:\Users\cruff\source\SM - Final\Class Modules\Specification.cls
02-Apr-2019 11:15:18.17 : Exported SpecTemplate:           C:\Users\cruff\source\SM - Final\Class Modules\SpecTemplate.cls
02-Apr-2019 11:15:18.18 : Exported SQLiteDatabase:         C:\Users\cruff\source\SM - Final\Class Modules\SQLiteDatabase.cls
02-Apr-2019 11:15:18.20 : Exported Warp:                   C:\Users\cruff\source\SM - Final\Class Modules\Warp.cls
02-Apr-2019 11:15:18.21 : Export Complete.
02-Apr-2019 11:15:18.23 : Saving : export.log
