28-Mar-2019 16:55:01.93 : ------------- Stopping Application -------------
28-Mar-2019 16:55:01.94 : Saving : runtime.log
28-Mar-2019 16:55:03.73 : ------------- Starting Application -------------
28-Mar-2019 16:55:03.79 : --------- Start formEditTemplate ----------
28-Mar-2019 16:55:03.80 : Get all template types . . . 
28-Mar-2019 16:55:03.81 : -----------------------------------
28-Mar-2019 16:55:03.82 : SELECT * FROM template_specifications
28-Mar-2019 16:55:03.83 : Column 1 : Id, Row 1 : 1
28-Mar-2019 16:55:03.84 : Column 2 : Spec_Type, Row 1 : style
28-Mar-2019 16:55:03.85 : Column 3 : Time_Stamp, Row 1 : 
28-Mar-2019 16:55:03.86 : Column 4 : Properties_Json, Row 1 : {"Dtex":"","Style":"","WeaveType":"","YarnType":"","Denier":"","MeanWarpCount":"","MinWarpCount":"","MaxWarpCount":"","MeanFillCount":"","MinFillCount":"","MaxFillCount":"","MeanDryWeight":"","MinDryWeight":"","MaxDryWeight":"","MeanConditionedWeight":"","MinConditionedWeight":"","MaxConditionedWeight":"","YarnFinish":"","YarnCode":"","MoistureRegain":"","Twisting":"","YarnColor":"","Notes":"","YarnMerge":""}
28-Mar-2019 16:55:03.87 : Column 5 : Revision, Row 1 : 1
28-Mar-2019 16:55:03.88 : Column 1 : Id, Row 2 : 2
28-Mar-2019 16:55:03.89 : Column 2 : Spec_Type, Row 2 : warping
28-Mar-2019 16:55:03.90 : Column 3 : Time_Stamp, Row 2 : 
28-Mar-2019 16:55:03.91 : Column 4 : Properties_Json, Row 2 : {"MaterialNumber":"","MaterialDescription":"","FinalWidthCm":"","NumberOfEnds":"","IsSWrapped":"","SpringColor":"","WarpingSpeed":"","BeamingSpeed":"","CrossWinding":"","DentsPerCm":"","EndsPerDent":"","Style":"","BeamWidth":"","YarnSupplier":"","YarnCode":"","K1":"","WarpingTension":"","K2":"","BeamingTension":"","Dtex":""}
28-Mar-2019 16:55:03.92 : Column 5 : Revision, Row 2 : 1
28-Mar-2019 16:55:03.93 : Column 1 : Id, Row 3 : 3
28-Mar-2019 16:55:03.94 : Column 2 : Spec_Type, Row 3 : test template
28-Mar-2019 16:55:03.95 : Column 3 : Time_Stamp, Row 3 : 3/28/2019 12:08:49 PM
28-Mar-2019 16:55:03.96 : Column 4 : Properties_Json, Row 3 : {"Description":"","Property":""}
28-Mar-2019 16:55:03.97 : Column 5 : Revision, Row 3 : 1
28-Mar-2019 16:55:03.98 : Listing all template types (spec Types) . . . 
28-Mar-2019 16:55:06.94 : Searching for test template template . . . 
28-Mar-2019 16:55:06.95 : -----------------------------------
28-Mar-2019 16:55:06.96 : SELECT * FROM template_specifications WHERE Spec_Type= 'test template'
28-Mar-2019 16:55:06.97 : Succesfully retrieved template for : test template
28-Mar-2019 16:55:06.98 : Column 1 : Id, Row 1 : 3
28-Mar-2019 16:55:06.99 : Column 2 : Spec_Type, Row 1 : test template
28-Mar-2019 16:55:06.00 : Column 3 : Time_Stamp, Row 1 : 3/28/2019 12:08:49 PM
28-Mar-2019 16:55:07.00 : Column 4 : Properties_Json, Row 1 : {"Description":"","Property":""}
28-Mar-2019 16:55:07.01 : Column 5 : Revision, Row 1 : 1
28-Mar-2019 16:55:07.02 : Printing Template . . . 
28-Mar-2019 16:55:11.41 : Printing Template . . . 
28-Mar-2019 16:55:14.62 : Printing Template . . . 
28-Mar-2019 16:55:16.81 : -----------------------------------
28-Mar-2019 16:55:16.82 : UPDATE template_specifications 
SET Time_Stamp ='3/28/2019 4:55:16 PM', Properties_Json ='{"Description":"","NewProperty":""}', Revision ='2.0'
WHERE Spec_Type ='test template'
28-Mar-2019 16:55:16.83 : Data Access returned: 0
28-Mar-2019 16:55:18.96 : --------- End formEditTemplate ----------
28-Mar-2019 16:55:18.97 : ------------- Stopping Application -------------
28-Mar-2019 16:55:18.98 : Saving : runtime.log
28-Mar-2019 16:55:21.02 : ------------- Starting Application -------------
28-Mar-2019 16:55:21.07 : --------- Start formEditTemplate ----------
28-Mar-2019 16:55:21.08 : Get all template types . . . 
28-Mar-2019 16:55:21.09 : -----------------------------------
28-Mar-2019 16:55:21.10 : SELECT * FROM template_specifications
28-Mar-2019 16:55:21.11 : Column 1 : Id, Row 1 : 1
28-Mar-2019 16:55:21.12 : Column 2 : Spec_Type, Row 1 : style
28-Mar-2019 16:55:21.13 : Column 3 : Time_Stamp, Row 1 : 
28-Mar-2019 16:55:21.14 : Column 4 : Properties_Json, Row 1 : {"Dtex":"","Style":"","WeaveType":"","YarnType":"","Denier":"","MeanWarpCount":"","MinWarpCount":"","MaxWarpCount":"","MeanFillCount":"","MinFillCount":"","MaxFillCount":"","MeanDryWeight":"","MinDryWeight":"","MaxDryWeight":"","MeanConditionedWeight":"","MinConditionedWeight":"","MaxConditionedWeight":"","YarnFinish":"","YarnCode":"","MoistureRegain":"","Twisting":"","YarnColor":"","Notes":"","YarnMerge":""}
28-Mar-2019 16:55:21.15 : Column 5 : Revision, Row 1 : 1
28-Mar-2019 16:55:21.16 : Column 1 : Id, Row 2 : 2
28-Mar-2019 16:55:21.17 : Column 2 : Spec_Type, Row 2 : warping
28-Mar-2019 16:55:21.18 : Column 3 : Time_Stamp, Row 2 : 
28-Mar-2019 16:55:21.19 : Column 4 : Properties_Json, Row 2 : {"MaterialNumber":"","MaterialDescription":"","FinalWidthCm":"","NumberOfEnds":"","IsSWrapped":"","SpringColor":"","WarpingSpeed":"","BeamingSpeed":"","CrossWinding":"","DentsPerCm":"","EndsPerDent":"","Style":"","BeamWidth":"","YarnSupplier":"","YarnCode":"","K1":"","WarpingTension":"","K2":"","BeamingTension":"","Dtex":""}
28-Mar-2019 16:55:21.20 : Column 5 : Revision, Row 2 : 1
28-Mar-2019 16:55:21.21 : Column 1 : Id, Row 3 : 3
28-Mar-2019 16:55:21.22 : Column 2 : Spec_Type, Row 3 : test template
28-Mar-2019 16:55:21.23 : Column 3 : Time_Stamp, Row 3 : 3/28/2019 4:55:16 PM
28-Mar-2019 16:55:21.24 : Column 4 : Properties_Json, Row 3 : {"Description":"","NewProperty":""}
28-Mar-2019 16:55:21.25 : Column 5 : Revision, Row 3 : 2.0
28-Mar-2019 16:55:21.26 : Listing all template types (spec Types) . . . 
28-Mar-2019 16:55:23.90 : Searching for test template template . . . 
28-Mar-2019 16:55:23.91 : -----------------------------------
28-Mar-2019 16:55:23.92 : SELECT * FROM template_specifications WHERE Spec_Type= 'test template'
28-Mar-2019 16:55:23.93 : Succesfully retrieved template for : test template
28-Mar-2019 16:55:23.94 : Column 1 : Id, Row 1 : 3
28-Mar-2019 16:55:23.95 : Column 2 : Spec_Type, Row 1 : test template
28-Mar-2019 16:55:23.96 : Column 3 : Time_Stamp, Row 1 : 3/28/2019 4:55:16 PM
28-Mar-2019 16:55:23.97 : Column 4 : Properties_Json, Row 1 : {"Description":"","NewProperty":""}
28-Mar-2019 16:55:23.98 : Column 5 : Revision, Row 1 : 2.0
28-Mar-2019 16:55:23.99 : Printing Template . . . 
28-Mar-2019 16:55:31.25 : --------- End formEditTemplate ----------
28-Mar-2019 16:55:31.26 : ------------- Stopping Application -------------
28-Mar-2019 16:55:31.27 : Saving : runtime.log
28-Mar-2019 16:55:32.93 : ------------- Stopping Application -------------
28-Mar-2019 16:55:32.94 : Saving : runtime.log
